<?xml version="1.0" encoding="UTF-8"?>
<!-- Generated by org.testng.reporters.JUnitReportReporter -->
<testsuite skipped="0" hostname="DESKTOP-IT56HU1" name="com.theinternet.SearchBar" tests="1" failures="0" timestamp="08 Oct 2022 07:00:23 GMT" time="13.940" errors="0">
  <testcase name="registrationTest" time="13.940" classname="com.theinternet.SearchBar"/>
</testsuite> <!-- com.theinternet.SearchBar -->
