<?xml version="1.0" encoding="UTF-8"?>
<!-- Generated by org.testng.reporters.JUnitReportReporter -->
<testsuite skipped="0" hostname="DESKTOP-IT56HU1" name="com.theinternet.AddtoCart" tests="1" failures="0" timestamp="08 Oct 2022 06:46:41 GMT" time="10.605" errors="0">
  <testcase name="registrationTest" time="10.605" classname="com.theinternet.AddtoCart"/>
</testsuite> <!-- com.theinternet.AddtoCart -->
