<?xml version="1.0" encoding="UTF-8"?>
<!-- Generated by org.testng.reporters.JUnitReportReporter -->
<testsuite hostname="DESKTOP-IT56HU1" failures="0" tests="1" name="ECommerce.Testing" time="54.981" errors="0" timestamp="18 Oct 2022 05:50:35 GMT" skipped="0">
  <testcase classname="ECommerce.Testing" name="flipkart" time="54.981"/>
</testsuite> <!-- ECommerce.Testing -->
